Detecting C [-std=c11] compiler features failed to compile with the following output:
Change Dir: /Users/dionboles/Documents/c:c++/openCv/CMakeFiles/CMakeTmp

Run Build Command:"/usr/bin/make" "cmTC_a0f86/fast"
/Applications/Xcode.app/Contents/Developer/usr/bin/make -f CMakeFiles/cmTC_a0f86.dir/build.make CMakeFiles/cmTC_a0f86.dir/build
CMakeFiles/cmTC_a0f86.dir/build.make:64: *** target pattern contains no `%'.  Stop.
make: *** [cmTC_a0f86/fast] Error 2



Detecting CXX [-std=c++1z] compiler features failed to compile with the following output:
Change Dir: /Users/dionboles/Documents/c:c++/openCv/CMakeFiles/CMakeTmp

Run Build Command:"/usr/bin/make" "cmTC_a6988/fast"
/Applications/Xcode.app/Contents/Developer/usr/bin/make -f CMakeFiles/cmTC_a6988.dir/build.make CMakeFiles/cmTC_a6988.dir/build
CMakeFiles/cmTC_a6988.dir/build.make:64: *** target pattern contains no `%'.  Stop.
make: *** [cmTC_a6988/fast] Error 2



